<?xml version="1.0" encoding="UTF-8"?>
<!-- Generated by org.testng.reporters.JUnitReportReporter -->
<testsuite hostname="DESKTOP-7687H4A" failures="0" tests="2" name="runner.Regrunner" time="15.037" errors="0" timestamp="2025-04-27T11:55:45 IST" skipped="0">
  <testcase classname="runner.Regrunner" name="runScenario" time="7.228"/>
  <system-out/>
  <testcase classname="runner.Regrunner" name="runScenario" time="7.809"/>
  <system-out/>
</testsuite> <!-- runner.Regrunner -->
